  Dino.cpp
C:\Users\刘博瑞\OneDrive\桌面\大作业\Dino\Dino\Dino\Dino.cpp(23,27): warning C4305: “初始化”: 从“double”到“float”截断
C:\Users\刘博瑞\OneDrive\桌面\大作业\Dino\Dino\Dino\Dino.cpp(88,23): warning C4244: “参数”: 从“float”转换到“int”，可能丢失数据
C:\Users\刘博瑞\OneDrive\桌面\大作业\Dino\Dino\Dino\Dino.cpp(88,20): warning C4244: “参数”: 从“float”转换到“int”，可能丢失数据
C:\Users\刘博瑞\OneDrive\桌面\大作业\Dino\Dino\Dino\Dino.cpp(89,23): warning C4244: “参数”: 从“float”转换到“int”，可能丢失数据
C:\Users\刘博瑞\OneDrive\桌面\大作业\Dino\Dino\Dino\Dino.cpp(89,20): warning C4244: “参数”: 从“float”转换到“int”，可能丢失数据
C:\Users\刘博瑞\OneDrive\桌面\大作业\Dino\Dino\Dino\Dino.cpp(90,23): warning C4244: “参数”: 从“float”转换到“int”，可能丢失数据
C:\Users\刘博瑞\OneDrive\桌面\大作业\Dino\Dino\Dino\Dino.cpp(90,20): warning C4244: “参数”: 从“float”转换到“int”，可能丢失数据
C:\Users\刘博瑞\OneDrive\桌面\大作业\Dino\Dino\Dino\Dino.cpp(91,23): warning C4244: “参数”: 从“float”转换到“int”，可能丢失数据
C:\Users\刘博瑞\OneDrive\桌面\大作业\Dino\Dino\Dino\Dino.cpp(91,20): warning C4244: “参数”: 从“float”转换到“int”，可能丢失数据
C:\Users\刘博瑞\OneDrive\桌面\大作业\Dino\Dino\Dino\Dino.cpp(92,23): warning C4244: “参数”: 从“float”转换到“int”，可能丢失数据
C:\Users\刘博瑞\OneDrive\桌面\大作业\Dino\Dino\Dino\Dino.cpp(92,20): warning C4244: “参数”: 从“float”转换到“int”，可能丢失数据
C:\Users\刘博瑞\OneDrive\桌面\大作业\Dino\Dino\Dino\Dino.cpp(93,23): warning C4244: “参数”: 从“float”转换到“int”，可能丢失数据
C:\Users\刘博瑞\OneDrive\桌面\大作业\Dino\Dino\Dino\Dino.cpp(93,20): warning C4244: “参数”: 从“float”转换到“int”，可能丢失数据
C:\Users\刘博瑞\OneDrive\桌面\大作业\Dino\Dino\Dino\Dino.cpp(104,10): warning C4244: “初始化”: 从“float”转换到“int”，可能丢失数据
C:\Users\刘博瑞\OneDrive\桌面\大作业\Dino\Dino\Dino\Dino.cpp(105,10): warning C4244: “初始化”: 从“float”转换到“int”，可能丢失数据
C:\Users\刘博瑞\OneDrive\桌面\大作业\Dino\Dino\Dino\Dino.cpp(138,37): warning C4244: “参数”: 从“float”转换到“int”，可能丢失数据
C:\Users\刘博瑞\OneDrive\桌面\大作业\Dino\Dino\Dino\Dino.cpp(138,34): warning C4244: “参数”: 从“float”转换到“int”，可能丢失数据
C:\Users\刘博瑞\OneDrive\桌面\大作业\Dino\Dino\Dino\Dino.cpp(139,37): warning C4244: “参数”: 从“float”转换到“int”，可能丢失数据
C:\Users\刘博瑞\OneDrive\桌面\大作业\Dino\Dino\Dino\Dino.cpp(139,34): warning C4244: “参数”: 从“float”转换到“int”，可能丢失数据
C:\Users\刘博瑞\OneDrive\桌面\大作业\Dino\Dino\Dino\Dino.cpp(161,29): warning C4244: “参数”: 从“float”转换到“int”，可能丢失数据
C:\Users\刘博瑞\OneDrive\桌面\大作业\Dino\Dino\Dino\Dino.cpp(161,26): warning C4244: “参数”: 从“float”转换到“int”，可能丢失数据
C:\Users\刘博瑞\OneDrive\桌面\大作业\Dino\Dino\Dino\Dino.cpp(164,40): warning C4244: “参数”: 从“float”转换到“int”，可能丢失数据
C:\Users\刘博瑞\OneDrive\桌面\大作业\Dino\Dino\Dino\Dino.cpp(164,35): warning C4244: “参数”: 从“float”转换到“int”，可能丢失数据
C:\Users\刘博瑞\OneDrive\桌面\大作业\Dino\Dino\Dino\Dino.cpp(165,40): warning C4244: “参数”: 从“float”转换到“int”，可能丢失数据
C:\Users\刘博瑞\OneDrive\桌面\大作业\Dino\Dino\Dino\Dino.cpp(165,35): warning C4244: “参数”: 从“float”转换到“int”，可能丢失数据
C:\Users\刘博瑞\OneDrive\桌面\大作业\Dino\Dino\Dino\Dino.cpp(170,38): warning C4244: “参数”: 从“float”转换到“int”，可能丢失数据
C:\Users\刘博瑞\OneDrive\桌面\大作业\Dino\Dino\Dino\Dino.cpp(170,35): warning C4244: “参数”: 从“float”转换到“int”，可能丢失数据
C:\Users\刘博瑞\OneDrive\桌面\大作业\Dino\Dino\Dino\Dino.cpp(171,38): warning C4244: “参数”: 从“float”转换到“int”，可能丢失数据
C:\Users\刘博瑞\OneDrive\桌面\大作业\Dino\Dino\Dino\Dino.cpp(171,35): warning C4244: “参数”: 从“float”转换到“int”，可能丢失数据
C:\Users\刘博瑞\OneDrive\桌面\大作业\Dino\Dino\Dino\Dino.cpp(422,30): warning C4244: “参数”: 从“float”转换到“int”，可能丢失数据
C:\Users\刘博瑞\OneDrive\桌面\大作业\Dino\Dino\Dino\Dino.cpp(422,21): warning C4244: “参数”: 从“float”转换到“int”，可能丢失数据
  Dino.vcxproj -> C:\Users\刘博瑞\OneDrive\桌面\大作业\Dino\Dino\x64\Debug\Dino.exe
